Analysis & Synthesis report for reg_8
Tue Jan 17 15:05:11 2023
Quartus II Version 9.1 Build 350 03/24/2010 Service Pack 2 SJ Web Edition


---------------------
; Table of Contents ;
---------------------
  1. Legal Notice
  2. Analysis & Synthesis Summary
  3. Analysis & Synthesis Settings
  4. Parallel Compilation
  5. Analysis & Synthesis Source Files Read
  6. Analysis & Synthesis Resource Usage Summary
  7. Analysis & Synthesis Resource Utilization by Entity
  8. Analysis & Synthesis DSP Block Usage Summary
  9. General Register Statistics
 10. Multiplexer Restructuring Statistics (Restructuring Performed)
 11. Parameter Settings for Inferred Entity Instance: lpm_mult:Mult2
 12. Parameter Settings for Inferred Entity Instance: lpm_mult:Mult1
 13. Parameter Settings for Inferred Entity Instance: lpm_mult:Mult0
 14. Parameter Settings for Inferred Entity Instance: lpm_mult:Mult3
 15. lpm_mult Parameter Settings by Entity Instance
 16. Analysis & Synthesis Messages



----------------
; Legal Notice ;
----------------
Copyright (C) 1991-2010 Altera Corporation
Your use of Altera Corporation's design tools, logic functions 
and other software and tools, and its AMPP partner logic 
functions, and any output files from any of the foregoing 
(including device programming or simulation files), and any 
associated documentation or information are expressly subject 
to the terms and conditions of the Altera Program License 
Subscription Agreement, Altera MegaCore Function License 
Agreement, or other applicable license agreement, including, 
without limitation, that your use is for the sole purpose of 
programming logic devices manufactured by Altera and sold by 
Altera or its authorized distributors.  Please refer to the 
applicable agreement for further details.



+-----------------------------------------------------------------------------------+
; Analysis & Synthesis Summary                                                      ;
+------------------------------------+----------------------------------------------+
; Analysis & Synthesis Status        ; Successful - Tue Jan 17 15:05:11 2023        ;
; Quartus II Version                 ; 9.1 Build 350 03/24/2010 SP 2 SJ Web Edition ;
; Revision Name                      ; reg_8                                        ;
; Top-level Entity Name              ; reg_8                                        ;
; Family                             ; Cyclone III                                  ;
; Total logic elements               ; 159                                          ;
;     Total combinational functions  ; 62                                           ;
;     Dedicated logic registers      ; 99                                           ;
; Total registers                    ; 99                                           ;
; Total pins                         ; 33                                           ;
; Total virtual pins                 ; 0                                            ;
; Total memory bits                  ; 0                                            ;
; Embedded Multiplier 9-bit elements ; 4                                            ;
; Total PLLs                         ; 0                                            ;
+------------------------------------+----------------------------------------------+


+----------------------------------------------------------------------------------------------------------------------+
; Analysis & Synthesis Settings                                                                                        ;
+----------------------------------------------------------------------------+--------------------+--------------------+
; Option                                                                     ; Setting            ; Default Value      ;
+----------------------------------------------------------------------------+--------------------+--------------------+
; Top-level entity name                                                      ; reg_8              ; reg_8              ;
; Family name                                                                ; Cyclone III        ; Stratix II         ;
; Maximum processors allowed for parallel compilation                        ; 1                  ;                    ;
; Use Generated Physical Constraints File                                    ; Off                ;                    ;
; Use smart compilation                                                      ; Off                ; Off                ;
; Enable parallel Assembler and TimeQuest Timing Analyzer during compilation ; On                 ; On                 ;
; Enable compact report table                                                ; Off                ; Off                ;
; Restructure Multiplexers                                                   ; Auto               ; Auto               ;
; Create Debugging Nodes for IP Cores                                        ; Off                ; Off                ;
; Preserve fewer node names                                                  ; On                 ; On                 ;
; Disable OpenCore Plus hardware evaluation                                  ; Off                ; Off                ;
; Verilog Version                                                            ; Verilog_2001       ; Verilog_2001       ;
; VHDL Version                                                               ; VHDL_1993          ; VHDL_1993          ;
; State Machine Processing                                                   ; Auto               ; Auto               ;
; Safe State Machine                                                         ; Off                ; Off                ;
; Extract Verilog State Machines                                             ; On                 ; On                 ;
; Extract VHDL State Machines                                                ; On                 ; On                 ;
; Ignore Verilog initial constructs                                          ; Off                ; Off                ;
; Iteration limit for constant Verilog loops                                 ; 5000               ; 5000               ;
; Iteration limit for non-constant Verilog loops                             ; 250                ; 250                ;
; Add Pass-Through Logic to Inferred RAMs                                    ; On                 ; On                 ;
; Parallel Synthesis                                                         ; On                 ; On                 ;
; DSP Block Balancing                                                        ; Auto               ; Auto               ;
; NOT Gate Push-Back                                                         ; On                 ; On                 ;
; Power-Up Don't Care                                                        ; On                 ; On                 ;
; Remove Redundant Logic Cells                                               ; Off                ; Off                ;
; Remove Duplicate Registers                                                 ; On                 ; On                 ;
; Ignore CARRY Buffers                                                       ; Off                ; Off                ;
; Ignore CASCADE Buffers                                                     ; Off                ; Off                ;
; Ignore GLOBAL Buffers                                                      ; Off                ; Off                ;
; Ignore ROW GLOBAL Buffers                                                  ; Off                ; Off                ;
; Ignore LCELL Buffers                                                       ; Off                ; Off                ;
; Ignore SOFT Buffers                                                        ; On                 ; On                 ;
; Limit AHDL Integers to 32 Bits                                             ; Off                ; Off                ;
; Optimization Technique                                                     ; Balanced           ; Balanced           ;
; Carry Chain Length                                                         ; 70                 ; 70                 ;
; Auto Carry Chains                                                          ; On                 ; On                 ;
; Auto Open-Drain Pins                                                       ; On                 ; On                 ;
; Perform WYSIWYG Primitive Resynthesis                                      ; Off                ; Off                ;
; Auto ROM Replacement                                                       ; On                 ; On                 ;
; Auto RAM Replacement                                                       ; On                 ; On                 ;
; Auto DSP Block Replacement                                                 ; On                 ; On                 ;
; Auto Shift Register Replacement                                            ; Auto               ; Auto               ;
; Auto Clock Enable Replacement                                              ; On                 ; On                 ;
; Strict RAM Replacement                                                     ; Off                ; Off                ;
; Allow Synchronous Control Signals                                          ; On                 ; On                 ;
; Force Use of Synchronous Clear Signals                                     ; Off                ; Off                ;
; Auto RAM Block Balancing                                                   ; On                 ; On                 ;
; Auto RAM to Logic Cell Conversion                                          ; Off                ; Off                ;
; Auto Resource Sharing                                                      ; Off                ; Off                ;
; Allow Any RAM Size For Recognition                                         ; Off                ; Off                ;
; Allow Any ROM Size For Recognition                                         ; Off                ; Off                ;
; Allow Any Shift Register Size For Recognition                              ; Off                ; Off                ;
; Use LogicLock Constraints during Resource Balancing                        ; On                 ; On                 ;
; Ignore translate_off and synthesis_off directives                          ; Off                ; Off                ;
; Timing-Driven Synthesis                                                    ; On                 ; On                 ;
; Show Parameter Settings Tables in Synthesis Report                         ; On                 ; On                 ;
; Ignore Maximum Fan-Out Assignments                                         ; Off                ; Off                ;
; Synchronization Register Chain Length                                      ; 2                  ; 2                  ;
; PowerPlay Power Optimization                                               ; Normal compilation ; Normal compilation ;
; HDL message level                                                          ; Level2             ; Level2             ;
; Suppress Register Optimization Related Messages                            ; Off                ; Off                ;
; Number of Removed Registers Reported in Synthesis Report                   ; 5000               ; 5000               ;
; Number of Inverted Registers Reported in Synthesis Report                  ; 100                ; 100                ;
; Clock MUX Protection                                                       ; On                 ; On                 ;
; Auto Gated Clock Conversion                                                ; Off                ; Off                ;
; Block Design Naming                                                        ; Auto               ; Auto               ;
; SDC constraint protection                                                  ; Off                ; Off                ;
; Synthesis Effort                                                           ; Auto               ; Auto               ;
; Shift Register Replacement - Allow Asynchronous Clear Signal               ; On                 ; On                 ;
; Analysis & Synthesis Message Level                                         ; Medium             ; Medium             ;
; Disable Register Merging Across Hierarchies                                ; Auto               ; Auto               ;
; Resource Aware Inference For Block RAM                                     ; On                 ; On                 ;
+----------------------------------------------------------------------------+--------------------+--------------------+


Parallel compilation was disabled, but you have multiple processors available. Enable parallel compilation to reduce compilation time.
+-------------------------------------+
; Parallel Compilation                ;
+----------------------------+--------+
; Processors                 ; Number ;
+----------------------------+--------+
; Number detected on machine ; 8      ;
; Maximum allowed            ; 1      ;
+----------------------------+--------+


+-------------------------------------------------------------------------------------------------------------------------------------------------------------------+
; Analysis & Synthesis Source Files Read                                                                                                                            ;
+----------------------------------+-----------------+------------------------------+-------------------------------------------------------------------------------+
; File Name with User-Entered Path ; Used in Netlist ; File Type                    ; File Name with Absolute Path                                                  ;
+----------------------------------+-----------------+------------------------------+-------------------------------------------------------------------------------+
; reg_8.sv                         ; yes             ; User SystemVerilog HDL File  ; C:/Users/trt73/Downloads/Student-2022/Quartus II/otaxanov/4-5/reg_8.sv        ;
; lpm_mult.tdf                     ; yes             ; Megafunction                 ; c:/altera/91sp2/quartus/libraries/megafunctions/lpm_mult.tdf                  ;
; db/mult_19t.tdf                  ; yes             ; Auto-Generated Megafunction  ; C:/Users/trt73/Downloads/Student-2022/Quartus II/otaxanov/4-5/db/mult_19t.tdf ;
+----------------------------------+-----------------+------------------------------+-------------------------------------------------------------------------------+


+-----------------------------------------------------------+
; Analysis & Synthesis Resource Usage Summary               ;
+---------------------------------------------+-------------+
; Resource                                    ; Usage       ;
+---------------------------------------------+-------------+
; Estimated Total logic elements              ; 159         ;
;                                             ;             ;
; Total combinational functions               ; 62          ;
; Logic element usage by number of LUT inputs ;             ;
;     -- 4 input functions                    ; 16          ;
;     -- 3 input functions                    ; 28          ;
;     -- <=2 input functions                  ; 18          ;
;                                             ;             ;
; Logic elements by mode                      ;             ;
;     -- normal mode                          ; 34          ;
;     -- arithmetic mode                      ; 28          ;
;                                             ;             ;
; Total registers                             ; 99          ;
;     -- Dedicated logic registers            ; 99          ;
;     -- I/O registers                        ; 0           ;
;                                             ;             ;
; I/O pins                                    ; 33          ;
; Embedded Multiplier 9-bit elements          ; 4           ;
; Maximum fan-out node                        ; clock~input ;
; Maximum fan-out                             ; 99          ;
; Total fan-out                               ; 586         ;
; Average fan-out                             ; 2.49        ;
+---------------------------------------------+-------------+


+------------------------------------------------------------------------------------------------------------------------------------------------------------------------------------------------------------+
; Analysis & Synthesis Resource Utilization by Entity                                                                                                                                                        ;
+---------------------------------+-------------------+--------------+-------------+--------------+---------+-----------+------+--------------+-----------------------------------------------+--------------+
; Compilation Hierarchy Node      ; LC Combinationals ; LC Registers ; Memory Bits ; DSP Elements ; DSP 9x9 ; DSP 18x18 ; Pins ; Virtual Pins ; Full Hierarchy Name                           ; Library Name ;
+---------------------------------+-------------------+--------------+-------------+--------------+---------+-----------+------+--------------+-----------------------------------------------+--------------+
; |reg_8                          ; 62 (62)           ; 99 (99)      ; 0           ; 4            ; 4       ; 0         ; 33   ; 0            ; |reg_8                                        ; work         ;
;    |lpm_mult:Mult0|             ; 0 (0)             ; 0 (0)        ; 0           ; 1            ; 1       ; 0         ; 0    ; 0            ; |reg_8|lpm_mult:Mult0                         ;              ;
;       |mult_19t:auto_generated| ; 0 (0)             ; 0 (0)        ; 0           ; 1            ; 1       ; 0         ; 0    ; 0            ; |reg_8|lpm_mult:Mult0|mult_19t:auto_generated ;              ;
;    |lpm_mult:Mult1|             ; 0 (0)             ; 0 (0)        ; 0           ; 1            ; 1       ; 0         ; 0    ; 0            ; |reg_8|lpm_mult:Mult1                         ;              ;
;       |mult_19t:auto_generated| ; 0 (0)             ; 0 (0)        ; 0           ; 1            ; 1       ; 0         ; 0    ; 0            ; |reg_8|lpm_mult:Mult1|mult_19t:auto_generated ;              ;
;    |lpm_mult:Mult2|             ; 0 (0)             ; 0 (0)        ; 0           ; 1            ; 1       ; 0         ; 0    ; 0            ; |reg_8|lpm_mult:Mult2                         ;              ;
;       |mult_19t:auto_generated| ; 0 (0)             ; 0 (0)        ; 0           ; 1            ; 1       ; 0         ; 0    ; 0            ; |reg_8|lpm_mult:Mult2|mult_19t:auto_generated ; work         ;
;    |lpm_mult:Mult3|             ; 0 (0)             ; 0 (0)        ; 0           ; 1            ; 1       ; 0         ; 0    ; 0            ; |reg_8|lpm_mult:Mult3                         ;              ;
;       |mult_19t:auto_generated| ; 0 (0)             ; 0 (0)        ; 0           ; 1            ; 1       ; 0         ; 0    ; 0            ; |reg_8|lpm_mult:Mult3|mult_19t:auto_generated ;              ;
+---------------------------------+-------------------+--------------+-------------+--------------+---------+-----------+------+--------------+-----------------------------------------------+--------------+
Note: For table entries with two numbers listed, the numbers in parentheses indicate the number of resources of the given type used by the specific entity alone. The numbers listed outside of parentheses indicate the total resources of the given type used by the specific entity and all of its sub-entities in the hierarchy.


+-----------------------------------------------------+
; Analysis & Synthesis DSP Block Usage Summary        ;
+---------------------------------------+-------------+
; Statistic                             ; Number Used ;
+---------------------------------------+-------------+
; Simple Multipliers (9-bit)            ; 4           ;
; Simple Multipliers (18-bit)           ; 0           ;
; Embedded Multiplier Blocks            ; --          ;
; Embedded Multiplier 9-bit elements    ; 4           ;
; Signed Embedded Multipliers           ; 0           ;
; Unsigned Embedded Multipliers         ; 4           ;
; Mixed Sign Embedded Multipliers       ; 0           ;
; Variable Sign Embedded Multipliers    ; 0           ;
; Dedicated Input Shift Register Chains ; 0           ;
+---------------------------------------+-------------+
Note: number of Embedded Multiplier Blocks used is only available after a successful fit.


+------------------------------------------------------+
; General Register Statistics                          ;
+----------------------------------------------+-------+
; Statistic                                    ; Value ;
+----------------------------------------------+-------+
; Total registers                              ; 99    ;
; Number of registers using Synchronous Clear  ; 0     ;
; Number of registers using Synchronous Load   ; 0     ;
; Number of registers using Asynchronous Clear ; 0     ;
; Number of registers using Asynchronous Load  ; 0     ;
; Number of registers using Clock Enable       ; 97    ;
; Number of registers using Preset             ; 0     ;
+----------------------------------------------+-------+


+------------------------------------------------------------------------------------------------------------------------------------------+
; Multiplexer Restructuring Statistics (Restructuring Performed)                                                                           ;
+--------------------+-----------+---------------+----------------------+------------------------+------------+----------------------------+
; Multiplexer Inputs ; Bus Width ; Baseline Area ; Area if Restructured ; Saving if Restructured ; Registered ; Example Multiplexer Output ;
+--------------------+-----------+---------------+----------------------+------------------------+------------+----------------------------+
; 5:1                ; 8 bits    ; 24 LEs        ; 24 LEs               ; 0 LEs                  ; No         ; |reg_8|out                 ;
+--------------------+-----------+---------------+----------------------+------------------------+------------+----------------------------+


+------------------------------------------------------------------------------------+
; Parameter Settings for Inferred Entity Instance: lpm_mult:Mult2                    ;
+------------------------------------------------+-------------+---------------------+
; Parameter Name                                 ; Value       ; Type                ;
+------------------------------------------------+-------------+---------------------+
; AUTO_CARRY_CHAINS                              ; ON          ; AUTO_CARRY          ;
; IGNORE_CARRY_BUFFERS                           ; OFF         ; IGNORE_CARRY        ;
; AUTO_CASCADE_CHAINS                            ; ON          ; AUTO_CASCADE        ;
; IGNORE_CASCADE_BUFFERS                         ; OFF         ; IGNORE_CASCADE      ;
; LPM_WIDTHA                                     ; 8           ; Untyped             ;
; LPM_WIDTHB                                     ; 8           ; Untyped             ;
; LPM_WIDTHP                                     ; 16          ; Untyped             ;
; LPM_WIDTHR                                     ; 16          ; Untyped             ;
; LPM_WIDTHS                                     ; 1           ; Untyped             ;
; LPM_REPRESENTATION                             ; UNSIGNED    ; Untyped             ;
; LPM_PIPELINE                                   ; 0           ; Untyped             ;
; LATENCY                                        ; 0           ; Untyped             ;
; INPUT_A_IS_CONSTANT                            ; NO          ; Untyped             ;
; INPUT_B_IS_CONSTANT                            ; NO          ; Untyped             ;
; USE_EAB                                        ; OFF         ; Untyped             ;
; MAXIMIZE_SPEED                                 ; 5           ; Untyped             ;
; DEVICE_FAMILY                                  ; Cyclone III ; Untyped             ;
; CARRY_CHAIN                                    ; MANUAL      ; Untyped             ;
; APEX20K_TECHNOLOGY_MAPPER                      ; LUT         ; TECH_MAPPER_APEX20K ;
; DEDICATED_MULTIPLIER_CIRCUITRY                 ; AUTO        ; Untyped             ;
; DEDICATED_MULTIPLIER_MIN_INPUT_WIDTH_FOR_AUTO  ; 0           ; Untyped             ;
; DEDICATED_MULTIPLIER_MIN_OUTPUT_WIDTH_FOR_AUTO ; 0           ; Untyped             ;
; CBXI_PARAMETER                                 ; mult_19t    ; Untyped             ;
; INPUT_A_FIXED_VALUE                            ; Bx          ; Untyped             ;
; INPUT_B_FIXED_VALUE                            ; Bx          ; Untyped             ;
; USE_AHDL_IMPLEMENTATION                        ; OFF         ; Untyped             ;
+------------------------------------------------+-------------+---------------------+
Note: In order to hide this table in the UI and the text report file, please set the "Show Parameter Settings Tables in Synthesis Report" option in "Analysis and Synthesis Settings -> More Settings" to "Off".


+------------------------------------------------------------------------------------+
; Parameter Settings for Inferred Entity Instance: lpm_mult:Mult1                    ;
+------------------------------------------------+-------------+---------------------+
; Parameter Name                                 ; Value       ; Type                ;
+------------------------------------------------+-------------+---------------------+
; AUTO_CARRY_CHAINS                              ; ON          ; AUTO_CARRY          ;
; IGNORE_CARRY_BUFFERS                           ; OFF         ; IGNORE_CARRY        ;
; AUTO_CASCADE_CHAINS                            ; ON          ; AUTO_CASCADE        ;
; IGNORE_CASCADE_BUFFERS                         ; OFF         ; IGNORE_CASCADE      ;
; LPM_WIDTHA                                     ; 8           ; Untyped             ;
; LPM_WIDTHB                                     ; 8           ; Untyped             ;
; LPM_WIDTHP                                     ; 16          ; Untyped             ;
; LPM_WIDTHR                                     ; 16          ; Untyped             ;
; LPM_WIDTHS                                     ; 1           ; Untyped             ;
; LPM_REPRESENTATION                             ; UNSIGNED    ; Untyped             ;
; LPM_PIPELINE                                   ; 0           ; Untyped             ;
; LATENCY                                        ; 0           ; Untyped             ;
; INPUT_A_IS_CONSTANT                            ; NO          ; Untyped             ;
; INPUT_B_IS_CONSTANT                            ; NO          ; Untyped             ;
; USE_EAB                                        ; OFF         ; Untyped             ;
; MAXIMIZE_SPEED                                 ; 5           ; Untyped             ;
; DEVICE_FAMILY                                  ; Cyclone III ; Untyped             ;
; CARRY_CHAIN                                    ; MANUAL      ; Untyped             ;
; APEX20K_TECHNOLOGY_MAPPER                      ; LUT         ; TECH_MAPPER_APEX20K ;
; DEDICATED_MULTIPLIER_CIRCUITRY                 ; AUTO        ; Untyped             ;
; DEDICATED_MULTIPLIER_MIN_INPUT_WIDTH_FOR_AUTO  ; 0           ; Untyped             ;
; DEDICATED_MULTIPLIER_MIN_OUTPUT_WIDTH_FOR_AUTO ; 0           ; Untyped             ;
; CBXI_PARAMETER                                 ; mult_19t    ; Untyped             ;
; INPUT_A_FIXED_VALUE                            ; Bx          ; Untyped             ;
; INPUT_B_FIXED_VALUE                            ; Bx          ; Untyped             ;
; USE_AHDL_IMPLEMENTATION                        ; OFF         ; Untyped             ;
+------------------------------------------------+-------------+---------------------+
Note: In order to hide this table in the UI and the text report file, please set the "Show Parameter Settings Tables in Synthesis Report" option in "Analysis and Synthesis Settings -> More Settings" to "Off".


+------------------------------------------------------------------------------------+
; Parameter Settings for Inferred Entity Instance: lpm_mult:Mult0                    ;
+------------------------------------------------+-------------+---------------------+
; Parameter Name                                 ; Value       ; Type                ;
+------------------------------------------------+-------------+---------------------+
; AUTO_CARRY_CHAINS                              ; ON          ; AUTO_CARRY          ;
; IGNORE_CARRY_BUFFERS                           ; OFF         ; IGNORE_CARRY        ;
; AUTO_CASCADE_CHAINS                            ; ON          ; AUTO_CASCADE        ;
; IGNORE_CASCADE_BUFFERS                         ; OFF         ; IGNORE_CASCADE      ;
; LPM_WIDTHA                                     ; 8           ; Untyped             ;
; LPM_WIDTHB                                     ; 8           ; Untyped             ;
; LPM_WIDTHP                                     ; 16          ; Untyped             ;
; LPM_WIDTHR                                     ; 16          ; Untyped             ;
; LPM_WIDTHS                                     ; 1           ; Untyped             ;
; LPM_REPRESENTATION                             ; UNSIGNED    ; Untyped             ;
; LPM_PIPELINE                                   ; 0           ; Untyped             ;
; LATENCY                                        ; 0           ; Untyped             ;
; INPUT_A_IS_CONSTANT                            ; NO          ; Untyped             ;
; INPUT_B_IS_CONSTANT                            ; NO          ; Untyped             ;
; USE_EAB                                        ; OFF         ; Untyped             ;
; MAXIMIZE_SPEED                                 ; 5           ; Untyped             ;
; DEVICE_FAMILY                                  ; Cyclone III ; Untyped             ;
; CARRY_CHAIN                                    ; MANUAL      ; Untyped             ;
; APEX20K_TECHNOLOGY_MAPPER                      ; LUT         ; TECH_MAPPER_APEX20K ;
; DEDICATED_MULTIPLIER_CIRCUITRY                 ; AUTO        ; Untyped             ;
; DEDICATED_MULTIPLIER_MIN_INPUT_WIDTH_FOR_AUTO  ; 0           ; Untyped             ;
; DEDICATED_MULTIPLIER_MIN_OUTPUT_WIDTH_FOR_AUTO ; 0           ; Untyped             ;
; CBXI_PARAMETER                                 ; mult_19t    ; Untyped             ;
; INPUT_A_FIXED_VALUE                            ; Bx          ; Untyped             ;
; INPUT_B_FIXED_VALUE                            ; Bx          ; Untyped             ;
; USE_AHDL_IMPLEMENTATION                        ; OFF         ; Untyped             ;
+------------------------------------------------+-------------+---------------------+
Note: In order to hide this table in the UI and the text report file, please set the "Show Parameter Settings Tables in Synthesis Report" option in "Analysis and Synthesis Settings -> More Settings" to "Off".


+------------------------------------------------------------------------------------+
; Parameter Settings for Inferred Entity Instance: lpm_mult:Mult3                    ;
+------------------------------------------------+-------------+---------------------+
; Parameter Name                                 ; Value       ; Type                ;
+------------------------------------------------+-------------+---------------------+
; AUTO_CARRY_CHAINS                              ; ON          ; AUTO_CARRY          ;
; IGNORE_CARRY_BUFFERS                           ; OFF         ; IGNORE_CARRY        ;
; AUTO_CASCADE_CHAINS                            ; ON          ; AUTO_CASCADE        ;
; IGNORE_CASCADE_BUFFERS                         ; OFF         ; IGNORE_CASCADE      ;
; LPM_WIDTHA                                     ; 8           ; Untyped             ;
; LPM_WIDTHB                                     ; 8           ; Untyped             ;
; LPM_WIDTHP                                     ; 16          ; Untyped             ;
; LPM_WIDTHR                                     ; 16          ; Untyped             ;
; LPM_WIDTHS                                     ; 1           ; Untyped             ;
; LPM_REPRESENTATION                             ; UNSIGNED    ; Untyped             ;
; LPM_PIPELINE                                   ; 0           ; Untyped             ;
; LATENCY                                        ; 0           ; Untyped             ;
; INPUT_A_IS_CONSTANT                            ; NO          ; Untyped             ;
; INPUT_B_IS_CONSTANT                            ; NO          ; Untyped             ;
; USE_EAB                                        ; OFF         ; Untyped             ;
; MAXIMIZE_SPEED                                 ; 5           ; Untyped             ;
; DEVICE_FAMILY                                  ; Cyclone III ; Untyped             ;
; CARRY_CHAIN                                    ; MANUAL      ; Untyped             ;
; APEX20K_TECHNOLOGY_MAPPER                      ; LUT         ; TECH_MAPPER_APEX20K ;
; DEDICATED_MULTIPLIER_CIRCUITRY                 ; AUTO        ; Untyped             ;
; DEDICATED_MULTIPLIER_MIN_INPUT_WIDTH_FOR_AUTO  ; 0           ; Untyped             ;
; DEDICATED_MULTIPLIER_MIN_OUTPUT_WIDTH_FOR_AUTO ; 0           ; Untyped             ;
; CBXI_PARAMETER                                 ; mult_19t    ; Untyped             ;
; INPUT_A_FIXED_VALUE                            ; Bx          ; Untyped             ;
; INPUT_B_FIXED_VALUE                            ; Bx          ; Untyped             ;
; USE_AHDL_IMPLEMENTATION                        ; OFF         ; Untyped             ;
+------------------------------------------------+-------------+---------------------+
Note: In order to hide this table in the UI and the text report file, please set the "Show Parameter Settings Tables in Synthesis Report" option in "Analysis and Synthesis Settings -> More Settings" to "Off".


+--------------------------------------------------------+
; lpm_mult Parameter Settings by Entity Instance         ;
+---------------------------------------+----------------+
; Name                                  ; Value          ;
+---------------------------------------+----------------+
; Number of entity instances            ; 4              ;
; Entity Instance                       ; lpm_mult:Mult2 ;
;     -- LPM_WIDTHA                     ; 8              ;
;     -- LPM_WIDTHB                     ; 8              ;
;     -- LPM_WIDTHP                     ; 16             ;
;     -- LPM_REPRESENTATION             ; UNSIGNED       ;
;     -- INPUT_A_IS_CONSTANT            ; NO             ;
;     -- INPUT_B_IS_CONSTANT            ; NO             ;
;     -- USE_EAB                        ; OFF            ;
;     -- DEDICATED_MULTIPLIER_CIRCUITRY ; AUTO           ;
;     -- INPUT_A_FIXED_VALUE            ; Bx             ;
;     -- INPUT_B_FIXED_VALUE            ; Bx             ;
; Entity Instance                       ; lpm_mult:Mult1 ;
;     -- LPM_WIDTHA                     ; 8              ;
;     -- LPM_WIDTHB                     ; 8              ;
;     -- LPM_WIDTHP                     ; 16             ;
;     -- LPM_REPRESENTATION             ; UNSIGNED       ;
;     -- INPUT_A_IS_CONSTANT            ; NO             ;
;     -- INPUT_B_IS_CONSTANT            ; NO             ;
;     -- USE_EAB                        ; OFF            ;
;     -- DEDICATED_MULTIPLIER_CIRCUITRY ; AUTO           ;
;     -- INPUT_A_FIXED_VALUE            ; Bx             ;
;     -- INPUT_B_FIXED_VALUE            ; Bx             ;
; Entity Instance                       ; lpm_mult:Mult0 ;
;     -- LPM_WIDTHA                     ; 8              ;
;     -- LPM_WIDTHB                     ; 8              ;
;     -- LPM_WIDTHP                     ; 16             ;
;     -- LPM_REPRESENTATION             ; UNSIGNED       ;
;     -- INPUT_A_IS_CONSTANT            ; NO             ;
;     -- INPUT_B_IS_CONSTANT            ; NO             ;
;     -- USE_EAB                        ; OFF            ;
;     -- DEDICATED_MULTIPLIER_CIRCUITRY ; AUTO           ;
;     -- INPUT_A_FIXED_VALUE            ; Bx             ;
;     -- INPUT_B_FIXED_VALUE            ; Bx             ;
; Entity Instance                       ; lpm_mult:Mult3 ;
;     -- LPM_WIDTHA                     ; 8              ;
;     -- LPM_WIDTHB                     ; 8              ;
;     -- LPM_WIDTHP                     ; 16             ;
;     -- LPM_REPRESENTATION             ; UNSIGNED       ;
;     -- INPUT_A_IS_CONSTANT            ; NO             ;
;     -- INPUT_B_IS_CONSTANT            ; NO             ;
;     -- USE_EAB                        ; OFF            ;
;     -- DEDICATED_MULTIPLIER_CIRCUITRY ; AUTO           ;
;     -- INPUT_A_FIXED_VALUE            ; Bx             ;
;     -- INPUT_B_FIXED_VALUE            ; Bx             ;
+---------------------------------------+----------------+


+-------------------------------+
; Analysis & Synthesis Messages ;
+-------------------------------+
Info: *******************************************************************
Info: Running Quartus II Analysis & Synthesis
    Info: Version 9.1 Build 350 03/24/2010 Service Pack 2 SJ Web Edition
    Info: Processing started: Tue Jan 17 15:05:08 2023
Info: Command: quartus_map --read_settings_files=on --write_settings_files=off reg_8 -c reg_8
Info: Found 1 design units, including 1 entities, in source file reg_8.sv
    Info: Found entity 1: reg_8
Info: Elaborating entity "reg_8" for the top level hierarchy
Warning (10230): Verilog HDL assignment warning at reg_8.sv(15): truncated value with size 32 to match size of target (2)
Info: Inferred 4 megafunctions from design logic
    Info: Inferred multiplier megafunction ("lpm_mult") from the following logic: "Mult2"
    Info: Inferred multiplier megafunction ("lpm_mult") from the following logic: "Mult1"
    Info: Inferred multiplier megafunction ("lpm_mult") from the following logic: "Mult0"
    Info: Inferred multiplier megafunction ("lpm_mult") from the following logic: "Mult3"
Info: Elaborated megafunction instantiation "lpm_mult:Mult2"
Info: Instantiated megafunction "lpm_mult:Mult2" with the following parameter:
    Info: Parameter "LPM_WIDTHA" = "8"
    Info: Parameter "LPM_WIDTHB" = "8"
    Info: Parameter "LPM_WIDTHP" = "16"
    Info: Parameter "LPM_WIDTHR" = "16"
    Info: Parameter "LPM_WIDTHS" = "1"
    Info: Parameter "LPM_REPRESENTATION" = "UNSIGNED"
    Info: Parameter "INPUT_A_IS_CONSTANT" = "NO"
    Info: Parameter "INPUT_B_IS_CONSTANT" = "NO"
    Info: Parameter "MAXIMIZE_SPEED" = "5"
Info: Found 1 design units, including 1 entities, in source file db/mult_19t.tdf
    Info: Found entity 1: mult_19t
Info: Timing-Driven Synthesis is running
Info: Implemented 196 device resources after synthesis - the final resource count might be different
    Info: Implemented 25 input pins
    Info: Implemented 8 output pins
    Info: Implemented 159 logic cells
    Info: Implemented 4 DSP elements
Info: Quartus II Analysis & Synthesis was successful. 0 errors, 1 warning
    Info: Peak virtual memory: 226 megabytes
    Info: Processing ended: Tue Jan 17 15:05:11 2023
    Info: Elapsed time: 00:00:03
    Info: Total CPU time (on all processors): 00:00:03


